mode: atomic
github.com/Leopold1975/yadro_app/cmd/xkcd/main.go:15.13,25.16 7 0
github.com/Leopold1975/yadro_app/cmd/xkcd/main.go:25.16,27.3 1 0
github.com/Leopold1975/yadro_app/cmd/xkcd/main.go:29.2,34.29 4 0
github.com/Leopold1975/yadro_app/internal/auth/usecase/auth_user.go:16.63,21.2 1 0
github.com/Leopold1975/yadro_app/internal/auth/usecase/auth_user.go:23.82,24.9 1 0
github.com/Leopold1975/yadro_app/internal/auth/usecase/auth_user.go:25.20,26.55 1 0
github.com/Leopold1975/yadro_app/internal/auth/usecase/auth_user.go:27.10,27.10 0 0
github.com/Leopold1975/yadro_app/internal/auth/usecase/auth_user.go:30.2,31.16 2 0
github.com/Leopold1975/yadro_app/internal/auth/usecase/auth_user.go:31.16,33.3 1 0
github.com/Leopold1975/yadro_app/internal/auth/usecase/auth_user.go:35.2,35.18 1 0
github.com/Leopold1975/yadro_app/internal/auth/usecase/login_user.go:19.65,24.2 1 0
github.com/Leopold1975/yadro_app/internal/auth/usecase/login_user.go:26.97,28.16 2 0
github.com/Leopold1975/yadro_app/internal/auth/usecase/login_user.go:28.16,30.3 1 0
github.com/Leopold1975/yadro_app/internal/auth/usecase/login_user.go:32.2,33.16 2 0
github.com/Leopold1975/yadro_app/internal/auth/usecase/login_user.go:33.16,34.58 1 0
github.com/Leopold1975/yadro_app/internal/auth/usecase/login_user.go:34.58,36.4 1 0
github.com/Leopold1975/yadro_app/internal/auth/usecase/login_user.go:38.3,38.59 1 0
github.com/Leopold1975/yadro_app/internal/auth/usecase/login_user.go:41.2,42.16 2 0
github.com/Leopold1975/yadro_app/internal/auth/usecase/login_user.go:42.16,44.3 1 0
github.com/Leopold1975/yadro_app/internal/auth/usecase/login_user.go:46.2,46.15 1 0
github.com/Leopold1975/yadro_app/internal/controller/httpserver/error.go:12.61,18.16 4 0
github.com/Leopold1975/yadro_app/internal/controller/httpserver/error.go:18.16,23.3 1 0
github.com/Leopold1975/yadro_app/internal/controller/httpserver/error.go:25.2,25.17 1 0
github.com/Leopold1975/yadro_app/internal/controller/httpserver/httpserver.go:16.52,25.2 2 0
github.com/Leopold1975/yadro_app/internal/controller/httpserver/httpserver.go:27.31,28.86 1 0
github.com/Leopold1975/yadro_app/internal/controller/httpserver/httpserver.go:28.86,30.3 1 0
github.com/Leopold1975/yadro_app/internal/controller/httpserver/httpserver.go:32.2,32.12 1 0
github.com/Leopold1975/yadro_app/internal/controller/httpserver/httpserver.go:35.49,36.42 1 0
github.com/Leopold1975/yadro_app/internal/controller/httpserver/httpserver.go:36.42,38.3 1 0
github.com/Leopold1975/yadro_app/internal/controller/httpserver/httpserver.go:40.2,40.12 1 0
github.com/Leopold1975/yadro_app/internal/controller/httpserver/route.go:17.16,26.2 5 0
github.com/Leopold1975/yadro_app/internal/controller/httpserver/route.go:28.95,29.54 1 0
github.com/Leopold1975/yadro_app/internal/controller/httpserver/route.go:29.54,33.10 3 0
github.com/Leopold1975/yadro_app/internal/controller/httpserver/route.go:33.10,37.4 2 0
github.com/Leopold1975/yadro_app/internal/controller/httpserver/route.go:39.3,39.29 1 0
github.com/Leopold1975/yadro_app/internal/controller/httpserver/route.go:39.29,43.4 2 0
github.com/Leopold1975/yadro_app/internal/controller/httpserver/route.go:45.3,46.17 2 0
github.com/Leopold1975/yadro_app/internal/controller/httpserver/route.go:46.17,50.4 2 0
github.com/Leopold1975/yadro_app/internal/controller/httpserver/route.go:52.3,57.59 2 0
github.com/Leopold1975/yadro_app/internal/controller/httpserver/route.go:57.59,61.4 2 0
github.com/Leopold1975/yadro_app/internal/controller/httpserver/route.go:65.93,66.54 1 0
github.com/Leopold1975/yadro_app/internal/controller/httpserver/route.go:66.54,72.17 4 0
github.com/Leopold1975/yadro_app/internal/controller/httpserver/route.go:72.17,73.42 1 0
github.com/Leopold1975/yadro_app/internal/controller/httpserver/route.go:73.42,77.5 2 0
github.com/Leopold1975/yadro_app/internal/controller/httpserver/route.go:79.4,81.10 2 0
github.com/Leopold1975/yadro_app/internal/controller/httpserver/route.go:84.3,85.28 2 0
github.com/Leopold1975/yadro_app/internal/controller/httpserver/route.go:85.28,87.4 1 0
github.com/Leopold1975/yadro_app/internal/controller/httpserver/route.go:89.3,93.59 2 0
github.com/Leopold1975/yadro_app/internal/controller/httpserver/route.go:93.59,95.4 1 0
github.com/Leopold1975/yadro_app/internal/controller/httpserver/route.go:99.89,100.54 1 0
github.com/Leopold1975/yadro_app/internal/controller/httpserver/route.go:100.54,108.17 5 0
github.com/Leopold1975/yadro_app/internal/controller/httpserver/route.go:108.17,112.4 2 0
github.com/Leopold1975/yadro_app/internal/controller/httpserver/route.go:114.3,115.17 2 0
github.com/Leopold1975/yadro_app/internal/controller/httpserver/route.go:115.17,119.4 2 0
github.com/Leopold1975/yadro_app/internal/controller/httpserver/route.go:121.3,121.47 1 0
github.com/Leopold1975/yadro_app/internal/controller/httpserver/middlewares/auth_middleware.go:13.82,14.71 1 0
github.com/Leopold1975/yadro_app/internal/controller/httpserver/middlewares/auth_middleware.go:14.71,15.29 1 0
github.com/Leopold1975/yadro_app/internal/controller/httpserver/middlewares/auth_middleware.go:15.29,19.4 2 0
github.com/Leopold1975/yadro_app/internal/controller/httpserver/middlewares/auth_middleware.go:21.3,23.24 2 0
github.com/Leopold1975/yadro_app/internal/controller/httpserver/middlewares/auth_middleware.go:23.24,27.4 2 0
github.com/Leopold1975/yadro_app/internal/controller/httpserver/middlewares/auth_middleware.go:29.3,30.17 2 0
github.com/Leopold1975/yadro_app/internal/controller/httpserver/middlewares/auth_middleware.go:30.17,34.4 2 0
github.com/Leopold1975/yadro_app/internal/controller/httpserver/middlewares/auth_middleware.go:36.3,39.17 3 0
github.com/Leopold1975/yadro_app/internal/controller/httpserver/middlewares/auth_middleware.go:39.17,43.4 2 0
github.com/Leopold1975/yadro_app/internal/controller/httpserver/middlewares/auth_middleware.go:45.3,48.23 3 0
github.com/Leopold1975/yadro_app/internal/controller/httpserver/middlewares/concurency_limitter_mw.go:13.74,17.2 1 0
github.com/Leopold1975/yadro_app/internal/controller/httpserver/middlewares/concurency_limitter_mw.go:19.84,20.71 1 0
github.com/Leopold1975/yadro_app/internal/controller/httpserver/middlewares/concurency_limitter_mw.go:20.71,21.10 1 0
github.com/Leopold1975/yadro_app/internal/controller/httpserver/middlewares/concurency_limitter_mw.go:22.33,23.17 1 0
github.com/Leopold1975/yadro_app/internal/controller/httpserver/middlewares/concurency_limitter_mw.go:23.17,23.33 1 0
github.com/Leopold1975/yadro_app/internal/controller/httpserver/middlewares/concurency_limitter_mw.go:25.4,25.24 1 0
github.com/Leopold1975/yadro_app/internal/controller/httpserver/middlewares/concurency_limitter_mw.go:26.11,29.10 2 0
github.com/Leopold1975/yadro_app/internal/controller/httpserver/middlewares/concurency_limitter_mw.go:34.38,36.2 1 0
github.com/Leopold1975/yadro_app/internal/controller/httpserver/middlewares/logging_middleware.go:21.53,22.20 1 0
github.com/Leopold1975/yadro_app/internal/controller/httpserver/middlewares/logging_middleware.go:22.20,24.3 1 0
github.com/Leopold1975/yadro_app/internal/controller/httpserver/middlewares/logging_middleware.go:26.2,29.23 3 0
github.com/Leopold1975/yadro_app/internal/controller/httpserver/middlewares/logging_middleware.go:32.69,33.71 1 0
github.com/Leopold1975/yadro_app/internal/controller/httpserver/middlewares/logging_middleware.go:33.71,38.16 3 0
github.com/Leopold1975/yadro_app/internal/controller/httpserver/middlewares/logging_middleware.go:38.16,39.22 1 0
github.com/Leopold1975/yadro_app/internal/controller/httpserver/middlewares/logging_middleware.go:39.22,41.5 1 0
github.com/Leopold1975/yadro_app/internal/controller/httpserver/middlewares/logging_middleware.go:43.4,51.5 2 0
github.com/Leopold1975/yadro_app/internal/controller/httpserver/middlewares/logging_middleware.go:54.3,54.25 1 0
github.com/Leopold1975/yadro_app/internal/controller/httpserver/middlewares/profile_middleware.go:11.74,12.71 1 0
github.com/Leopold1975/yadro_app/internal/controller/httpserver/middlewares/profile_middleware.go:12.71,14.17 2 0
github.com/Leopold1975/yadro_app/internal/controller/httpserver/middlewares/profile_middleware.go:14.17,16.4 1 0
github.com/Leopold1975/yadro_app/internal/controller/httpserver/middlewares/profile_middleware.go:17.3,20.17 3 0
github.com/Leopold1975/yadro_app/internal/controller/httpserver/middlewares/profile_middleware.go:20.17,22.4 1 0
github.com/Leopold1975/yadro_app/internal/controller/httpserver/middlewares/profile_middleware.go:24.3,26.23 2 0
github.com/Leopold1975/yadro_app/internal/controller/httpserver/middlewares/ratelimiter_mw.go:19.56,26.2 1 0
github.com/Leopold1975/yadro_app/internal/controller/httpserver/middlewares/ratelimiter_mw.go:28.78,29.71 1 0
github.com/Leopold1975/yadro_app/internal/controller/httpserver/middlewares/ratelimiter_mw.go:29.71,31.17 2 0
github.com/Leopold1975/yadro_app/internal/controller/httpserver/middlewares/ratelimiter_mw.go:31.17,35.4 2 0
github.com/Leopold1975/yadro_app/internal/controller/httpserver/middlewares/ratelimiter_mw.go:37.3,42.49 4 0
github.com/Leopold1975/yadro_app/internal/controller/httpserver/middlewares/ratelimiter_mw.go:42.49,45.4 2 0
github.com/Leopold1975/yadro_app/internal/controller/httpserver/middlewares/ratelimiter_mw.go:47.3,49.22 2 0
github.com/Leopold1975/yadro_app/internal/controller/httpserver/middlewares/ratelimiter_mw.go:49.22,51.4 1 0
github.com/Leopold1975/yadro_app/internal/controller/httpserver/middlewares/ratelimiter_mw.go:51.9,53.4 1 0
github.com/Leopold1975/yadro_app/internal/auth/database/postgres/postgres.go:20.64,25.16 3 0
github.com/Leopold1975/yadro_app/internal/auth/database/postgres/postgres.go:25.16,27.3 1 0
github.com/Leopold1975/yadro_app/internal/auth/database/postgres/postgres.go:29.2,32.72 2 0
github.com/Leopold1975/yadro_app/internal/auth/database/postgres/postgres.go:32.72,34.3 1 0
github.com/Leopold1975/yadro_app/internal/auth/database/postgres/postgres.go:36.2,38.8 1 0
github.com/Leopold1975/yadro_app/internal/auth/database/postgres/postgres.go:41.88,47.16 3 0
github.com/Leopold1975/yadro_app/internal/auth/database/postgres/postgres.go:47.16,49.3 1 0
github.com/Leopold1975/yadro_app/internal/auth/database/postgres/postgres.go:51.2,55.79 3 0
github.com/Leopold1975/yadro_app/internal/auth/database/postgres/postgres.go:55.79,56.36 1 0
github.com/Leopold1975/yadro_app/internal/auth/database/postgres/postgres.go:56.36,58.4 1 0
github.com/Leopold1975/yadro_app/internal/auth/database/postgres/postgres.go:61.2,61.15 1 0
github.com/Leopold1975/yadro_app/internal/auth/database/postgres/postgres.go:64.77,66.16 2 0
github.com/Leopold1975/yadro_app/internal/auth/database/postgres/postgres.go:66.16,68.3 1 0
github.com/Leopold1975/yadro_app/internal/auth/database/postgres/postgres.go:70.2,70.15 1 0
github.com/Leopold1975/yadro_app/internal/auth/database/postgres/postgres.go:70.15,72.3 1 0
github.com/Leopold1975/yadro_app/internal/auth/database/postgres/postgres.go:74.2,78.16 3 0
github.com/Leopold1975/yadro_app/internal/auth/database/postgres/postgres.go:78.16,80.3 1 0
github.com/Leopold1975/yadro_app/internal/auth/database/postgres/postgres.go:82.2,83.16 2 0
github.com/Leopold1975/yadro_app/internal/auth/database/postgres/postgres.go:83.16,85.3 1 0
github.com/Leopold1975/yadro_app/internal/auth/database/postgres/postgres.go:87.2,87.12 1 0
github.com/Leopold1975/yadro_app/internal/app/app.go:20.65,21.12 1 0
github.com/Leopold1975/yadro_app/internal/app/app.go:21.12,23.3 1 0
github.com/Leopold1975/yadro_app/internal/app/app.go:25.2,28.16 3 0
github.com/Leopold1975/yadro_app/internal/app/app.go:28.16,31.3 2 0
github.com/Leopold1975/yadro_app/internal/app/app.go:33.2,34.16 2 0
github.com/Leopold1975/yadro_app/internal/app/app.go:34.16,37.3 2 0
github.com/Leopold1975/yadro_app/internal/app/app.go:39.2,70.12 14 0
github.com/Leopold1975/yadro_app/internal/app/app.go:70.12,73.38 2 0
github.com/Leopold1975/yadro_app/internal/app/app.go:73.38,75.4 1 0
github.com/Leopold1975/yadro_app/internal/app/app.go:78.2,83.39 4 0
github.com/Leopold1975/yadro_app/internal/app/app.go:83.39,85.3 1 0
github.com/Leopold1975/yadro_app/internal/pkg/config/config.go:54.39,57.56 2 0
github.com/Leopold1975/yadro_app/internal/pkg/config/config.go:57.56,59.3 1 0
github.com/Leopold1975/yadro_app/internal/pkg/config/config.go:61.2,61.17 1 0
github.com/Leopold1975/yadro_app/internal/pkg/config/config.go:68.57,70.16 2 0
github.com/Leopold1975/yadro_app/internal/pkg/config/config.go:70.16,72.3 1 0
github.com/Leopold1975/yadro_app/internal/pkg/config/config.go:74.2,76.12 2 0
github.com/Leopold1975/yadro_app/internal/database/postgresdb/postgres.go:25.86,30.16 3 0
github.com/Leopold1975/yadro_app/internal/database/postgresdb/postgres.go:30.16,32.3 1 0
github.com/Leopold1975/yadro_app/internal/database/postgresdb/postgres.go:34.2,37.72 2 0
github.com/Leopold1975/yadro_app/internal/database/postgresdb/postgres.go:37.72,39.3 1 0
github.com/Leopold1975/yadro_app/internal/database/postgresdb/postgres.go:41.2,45.8 1 0
github.com/Leopold1975/yadro_app/internal/database/postgresdb/postgres.go:48.85,50.16 2 0
github.com/Leopold1975/yadro_app/internal/database/postgresdb/postgres.go:50.16,52.3 1 0
github.com/Leopold1975/yadro_app/internal/database/postgresdb/postgres.go:54.2,54.15 1 0
github.com/Leopold1975/yadro_app/internal/database/postgresdb/postgres.go:54.15,56.3 1 0
github.com/Leopold1975/yadro_app/internal/database/postgresdb/postgres.go:58.2,59.16 2 0
github.com/Leopold1975/yadro_app/internal/database/postgresdb/postgres.go:59.16,61.3 1 0
github.com/Leopold1975/yadro_app/internal/database/postgresdb/postgres.go:63.2,68.16 3 0
github.com/Leopold1975/yadro_app/internal/database/postgresdb/postgres.go:68.16,70.3 1 0
github.com/Leopold1975/yadro_app/internal/database/postgresdb/postgres.go:72.2,73.16 2 0
github.com/Leopold1975/yadro_app/internal/database/postgresdb/postgres.go:73.16,75.3 1 0
github.com/Leopold1975/yadro_app/internal/database/postgresdb/postgres.go:77.2,77.65 1 0
github.com/Leopold1975/yadro_app/internal/database/postgresdb/postgres.go:77.65,79.3 1 0
github.com/Leopold1975/yadro_app/internal/database/postgresdb/postgres.go:81.2,83.12 2 0
github.com/Leopold1975/yadro_app/internal/database/postgresdb/postgres.go:86.90,91.16 3 0
github.com/Leopold1975/yadro_app/internal/database/postgresdb/postgres.go:91.16,93.3 1 0
github.com/Leopold1975/yadro_app/internal/database/postgresdb/postgres.go:95.2,101.61 4 0
github.com/Leopold1975/yadro_app/internal/database/postgresdb/postgres.go:101.61,102.36 1 0
github.com/Leopold1975/yadro_app/internal/database/postgresdb/postgres.go:102.36,104.4 1 0
github.com/Leopold1975/yadro_app/internal/database/postgresdb/postgres.go:106.3,106.63 1 0
github.com/Leopold1975/yadro_app/internal/database/postgresdb/postgres.go:109.2,109.71 1 0
github.com/Leopold1975/yadro_app/internal/database/postgresdb/postgres.go:109.71,111.3 1 0
github.com/Leopold1975/yadro_app/internal/database/postgresdb/postgres.go:113.2,113.16 1 0
github.com/Leopold1975/yadro_app/internal/database/postgresdb/postgres.go:116.103,126.22 5 0
github.com/Leopold1975/yadro_app/internal/database/postgresdb/postgres.go:126.22,131.17 2 0
github.com/Leopold1975/yadro_app/internal/database/postgresdb/postgres.go:131.17,133.4 1 0
github.com/Leopold1975/yadro_app/internal/database/postgresdb/postgres.go:134.8,137.17 2 0
github.com/Leopold1975/yadro_app/internal/database/postgresdb/postgres.go:137.17,139.4 1 0
github.com/Leopold1975/yadro_app/internal/database/postgresdb/postgres.go:142.2,143.16 2 0
github.com/Leopold1975/yadro_app/internal/database/postgresdb/postgres.go:143.16,145.3 1 0
github.com/Leopold1975/yadro_app/internal/database/postgresdb/postgres.go:146.2,148.95 2 0
github.com/Leopold1975/yadro_app/internal/database/postgresdb/postgres.go:148.95,153.63 3 0
github.com/Leopold1975/yadro_app/internal/database/postgresdb/postgres.go:153.63,155.4 1 0
github.com/Leopold1975/yadro_app/internal/database/postgresdb/postgres.go:157.3,157.74 1 0
github.com/Leopold1975/yadro_app/internal/database/postgresdb/postgres.go:157.74,159.4 1 0
github.com/Leopold1975/yadro_app/internal/database/postgresdb/postgres.go:161.3,161.16 1 0
github.com/Leopold1975/yadro_app/internal/database/postgresdb/postgres.go:163.2,163.16 1 0
github.com/Leopold1975/yadro_app/internal/database/postgresdb/postgres.go:163.16,165.3 1 0
github.com/Leopold1975/yadro_app/internal/database/postgresdb/postgres.go:167.2,167.20 1 0
github.com/Leopold1975/yadro_app/internal/database/postgresdb/postgres.go:170.76,174.16 3 0
github.com/Leopold1975/yadro_app/internal/database/postgresdb/postgres.go:174.16,176.3 1 0
github.com/Leopold1975/yadro_app/internal/database/postgresdb/postgres.go:178.2,182.40 3 0
github.com/Leopold1975/yadro_app/internal/database/postgresdb/postgres.go:182.40,184.3 1 0
github.com/Leopold1975/yadro_app/internal/database/postgresdb/postgres.go:186.2,189.25 3 0
github.com/Leopold1975/yadro_app/internal/database/postgresdb/postgres.go:192.92,195.35 2 0
github.com/Leopold1975/yadro_app/internal/database/postgresdb/postgres.go:195.35,200.17 2 0
github.com/Leopold1975/yadro_app/internal/database/postgresdb/postgres.go:200.17,202.4 1 0
github.com/Leopold1975/yadro_app/internal/database/postgresdb/postgres.go:204.3,205.17 2 0
github.com/Leopold1975/yadro_app/internal/database/postgresdb/postgres.go:205.17,207.4 1 0
github.com/Leopold1975/yadro_app/internal/database/postgresdb/postgres.go:209.3,216.17 3 0
github.com/Leopold1975/yadro_app/internal/database/postgresdb/postgres.go:216.17,218.4 1 0
github.com/Leopold1975/yadro_app/internal/database/postgresdb/postgres.go:220.3,221.17 2 0
github.com/Leopold1975/yadro_app/internal/database/postgresdb/postgres.go:221.17,223.4 1 0
github.com/Leopold1975/yadro_app/internal/database/postgresdb/postgres.go:226.2,226.12 1 0
github.com/Leopold1975/yadro_app/internal/models/model.go:26.54,28.16 2 0
github.com/Leopold1975/yadro_app/internal/models/model.go:28.16,30.3 1 0
github.com/Leopold1975/yadro_app/internal/models/model.go:32.2,36.8 1 0
github.com/Leopold1975/yadro_app/pkg/logger/logger.go:21.36,24.13 2 0
github.com/Leopold1975/yadro_app/pkg/logger/logger.go:25.15,26.23 1 0
github.com/Leopold1975/yadro_app/pkg/logger/logger.go:27.16,28.24 1 0
github.com/Leopold1975/yadro_app/pkg/logger/logger.go:29.10,30.23 1 0
github.com/Leopold1975/yadro_app/pkg/logger/logger.go:33.2,39.18 2 0
github.com/Leopold1975/yadro_app/pkg/logger/logger.go:42.45,43.15 1 0
github.com/Leopold1975/yadro_app/pkg/logger/logger.go:44.18,49.32 3 0
github.com/Leopold1975/yadro_app/pkg/logger/logger.go:50.14,55.31 3 0
github.com/Leopold1975/yadro_app/pkg/logger/logger.go:56.10,57.11 1 0
github.com/Leopold1975/yadro_app/pkg/logger/logger.go:61.39,64.20 2 0
github.com/Leopold1975/yadro_app/pkg/logger/logger.go:64.20,66.3 1 0
github.com/Leopold1975/yadro_app/pkg/logger/logger.go:68.2,70.17 2 0
github.com/Leopold1975/yadro_app/pkg/logger/logger.go:73.39,77.2 2 0
github.com/Leopold1975/yadro_app/pkg/pgtools/commit_rollback.go:10.86,11.16 1 0
github.com/Leopold1975/yadro_app/pkg/pgtools/commit_rollback.go:11.16,12.42 1 0
github.com/Leopold1975/yadro_app/pkg/pgtools/commit_rollback.go:12.42,14.4 1 0
github.com/Leopold1975/yadro_app/pkg/pgtools/commit_rollback.go:15.8,16.44 1 0
github.com/Leopold1975/yadro_app/pkg/pgtools/commit_rollback.go:16.44,18.4 1 0
github.com/Leopold1975/yadro_app/pkg/pgtools/commit_rollback.go:18.9,20.4 1 0
github.com/Leopold1975/yadro_app/pkg/pgtools/commit_rollback.go:23.2,23.12 1 0
github.com/Leopold1975/yadro_app/pkg/pgtools/connect.go:11.77,15.12 3 0
github.com/Leopold1975/yadro_app/pkg/pgtools/connect.go:15.12,19.17 3 0
github.com/Leopold1975/yadro_app/pkg/pgtools/connect.go:19.17,22.19 2 0
github.com/Leopold1975/yadro_app/pkg/pgtools/connect.go:22.19,26.38 3 0
github.com/Leopold1975/yadro_app/pkg/pgtools/connect.go:26.38,30.6 2 0
github.com/Leopold1975/yadro_app/pkg/pgtools/connect.go:32.5,32.44 1 0
github.com/Leopold1975/yadro_app/pkg/pgtools/connect.go:35.3,37.39 2 0
github.com/Leopold1975/yadro_app/pkg/pgtools/connect.go:37.39,38.19 1 0
github.com/Leopold1975/yadro_app/pkg/pgtools/connect.go:38.19,42.38 3 0
github.com/Leopold1975/yadro_app/pkg/pgtools/connect.go:42.38,46.6 2 0
github.com/Leopold1975/yadro_app/pkg/pgtools/connect.go:48.5,48.24 1 0
github.com/Leopold1975/yadro_app/pkg/pgtools/connect.go:52.3,52.11 1 0
github.com/Leopold1975/yadro_app/pkg/pgtools/connect.go:55.2,55.9 1 0
github.com/Leopold1975/yadro_app/pkg/pgtools/connect.go:56.20,57.57 1 0
github.com/Leopold1975/yadro_app/pkg/pgtools/connect.go:58.22,59.17 1 0
github.com/Leopold1975/yadro_app/pkg/pgtools/connect.go:59.17,61.4 1 0
github.com/Leopold1975/yadro_app/pkg/pgtools/connect.go:63.3,63.17 1 0
github.com/Leopold1975/yadro_app/pkg/pgtools/migration.go:17.59,21.16 3 0
github.com/Leopold1975/yadro_app/pkg/pgtools/migration.go:21.16,23.3 1 0
github.com/Leopold1975/yadro_app/pkg/pgtools/migration.go:25.2,26.58 2 0
github.com/Leopold1975/yadro_app/pkg/pgtools/migration.go:26.58,27.12 1 0
github.com/Leopold1975/yadro_app/pkg/pgtools/migration.go:27.12,29.18 2 0
github.com/Leopold1975/yadro_app/pkg/pgtools/migration.go:29.18,31.5 1 0
github.com/Leopold1975/yadro_app/pkg/pgtools/migration.go:34.3,34.53 1 0
github.com/Leopold1975/yadro_app/pkg/pgtools/migration.go:37.2,37.23 1 0
github.com/Leopold1975/yadro_app/pkg/pgtools/migration.go:37.23,39.3 1 0
github.com/Leopold1975/yadro_app/pkg/pgtools/migration.go:41.2,43.39 2 0
github.com/Leopold1975/yadro_app/pkg/pgtools/migration.go:43.39,44.13 1 0
github.com/Leopold1975/yadro_app/pkg/pgtools/migration.go:44.13,46.4 1 0
github.com/Leopold1975/yadro_app/pkg/pgtools/migration.go:48.3,48.43 1 0
github.com/Leopold1975/yadro_app/pkg/pgtools/migration.go:48.43,50.4 1 0
github.com/Leopold1975/yadro_app/pkg/pgtools/migration.go:52.3,52.49 1 0
github.com/Leopold1975/yadro_app/pkg/pgtools/migration.go:55.2,55.12 1 0
github.com/Leopold1975/yadro_app/pkg/xkcd/client.go:28.36,34.2 1 0
github.com/Leopold1975/yadro_app/pkg/xkcd/client.go:36.86,38.16 2 0
github.com/Leopold1975/yadro_app/pkg/xkcd/client.go:38.16,40.3 1 0
github.com/Leopold1975/yadro_app/pkg/xkcd/client.go:42.2,46.16 4 0
github.com/Leopold1975/yadro_app/pkg/xkcd/client.go:46.16,48.3 1 0
github.com/Leopold1975/yadro_app/pkg/xkcd/client.go:50.2,53.16 3 0
github.com/Leopold1975/yadro_app/pkg/xkcd/client.go:53.16,55.3 1 0
github.com/Leopold1975/yadro_app/pkg/xkcd/client.go:56.2,58.9 2 0
github.com/Leopold1975/yadro_app/pkg/xkcd/client.go:59.46,60.48 1 0
github.com/Leopold1975/yadro_app/pkg/xkcd/client.go:61.88,63.17 2 0
github.com/Leopold1975/yadro_app/pkg/xkcd/client.go:63.17,65.4 1 0
github.com/Leopold1975/yadro_app/pkg/xkcd/client.go:67.3,68.50 2 0
github.com/Leopold1975/yadro_app/pkg/xkcd/client.go:68.50,70.4 1 0
github.com/Leopold1975/yadro_app/pkg/xkcd/client.go:72.3,72.16 1 0
github.com/Leopold1975/yadro_app/pkg/xkcd/client.go:73.10,74.107 1 0
github.com/Leopold1975/yadro_app/pkg/xkcd/client.go:78.75,82.23 2 0
github.com/Leopold1975/yadro_app/pkg/xkcd/client.go:82.23,83.10 1 0
github.com/Leopold1975/yadro_app/pkg/xkcd/client.go:84.21,85.14 1 0
github.com/Leopold1975/yadro_app/pkg/xkcd/client.go:86.11,87.16 1 0
github.com/Leopold1975/yadro_app/pkg/xkcd/client.go:87.16,89.5 1 0
github.com/Leopold1975/yadro_app/pkg/xkcd/client.go:93.2,93.16 1 0
github.com/Leopold1975/yadro_app/pkg/xkcd/client.go:93.16,95.3 1 0
github.com/Leopold1975/yadro_app/pkg/xkcd/client.go:98.33,100.2 1 0
github.com/Leopold1975/yadro_app/internal/usecase/background_refresh.go:15.101,20.2 1 0
github.com/Leopold1975/yadro_app/internal/usecase/background_refresh.go:23.81,28.29 3 0
github.com/Leopold1975/yadro_app/internal/usecase/background_refresh.go:28.29,30.3 1 0
github.com/Leopold1975/yadro_app/internal/usecase/background_refresh.go:32.2,37.6 4 0
github.com/Leopold1975/yadro_app/internal/usecase/background_refresh.go:37.6,38.10 1 0
github.com/Leopold1975/yadro_app/internal/usecase/background_refresh.go:39.21,40.10 1 0
github.com/Leopold1975/yadro_app/internal/usecase/background_refresh.go:41.18,43.18 2 0
github.com/Leopold1975/yadro_app/internal/usecase/background_refresh.go:43.18,46.13 2 0
github.com/Leopold1975/yadro_app/internal/usecase/background_refresh.go:49.4,52.40 3 0
github.com/Leopold1975/yadro_app/internal/usecase/background_refresh.go:57.93,59.2 1 0
github.com/Leopold1975/yadro_app/internal/usecase/fetch_comics.go:34.116,41.2 1 0
github.com/Leopold1975/yadro_app/internal/usecase/fetch_comics.go:43.85,51.12 6 0
github.com/Leopold1975/yadro_app/internal/usecase/fetch_comics.go:51.12,54.3 2 0
github.com/Leopold1975/yadro_app/internal/usecase/fetch_comics.go:56.2,56.12 1 0
github.com/Leopold1975/yadro_app/internal/usecase/fetch_comics.go:56.12,60.3 3 0
github.com/Leopold1975/yadro_app/internal/usecase/fetch_comics.go:62.2,62.12 1 0
github.com/Leopold1975/yadro_app/internal/usecase/fetch_comics.go:62.12,65.3 2 0
github.com/Leopold1975/yadro_app/internal/usecase/fetch_comics.go:67.2,70.16 3 0
github.com/Leopold1975/yadro_app/internal/usecase/fetch_comics.go:70.16,72.3 1 0
github.com/Leopold1975/yadro_app/internal/usecase/fetch_comics.go:74.2,74.25 1 0
github.com/Leopold1975/yadro_app/internal/usecase/fetch_comics.go:74.25,78.3 2 0
github.com/Leopold1975/yadro_app/internal/usecase/fetch_comics.go:80.2,83.8 1 0
github.com/Leopold1975/yadro_app/internal/usecase/fetch_comics.go:86.76,89.20 2 0
github.com/Leopold1975/yadro_app/internal/usecase/fetch_comics.go:89.20,93.55 3 0
github.com/Leopold1975/yadro_app/internal/usecase/fetch_comics.go:93.55,94.11 1 0
github.com/Leopold1975/yadro_app/internal/usecase/fetch_comics.go:95.22,96.11 1 0
github.com/Leopold1975/yadro_app/internal/usecase/fetch_comics.go:97.19,97.19 0 0
github.com/Leopold1975/yadro_app/internal/usecase/fetch_comics.go:103.117,115.12 8 0
github.com/Leopold1975/yadro_app/internal/usecase/fetch_comics.go:115.12,118.3 2 0
github.com/Leopold1975/yadro_app/internal/usecase/fetch_comics.go:120.2,120.39 1 0
github.com/Leopold1975/yadro_app/internal/usecase/fetch_comics.go:120.39,121.13 1 0
github.com/Leopold1975/yadro_app/internal/usecase/fetch_comics.go:121.13,124.4 2 0
github.com/Leopold1975/yadro_app/internal/usecase/fetch_comics.go:126.2,129.11 3 0
github.com/Leopold1975/yadro_app/internal/usecase/fetch_comics.go:132.97,133.31 1 0
github.com/Leopold1975/yadro_app/internal/usecase/fetch_comics.go:133.31,134.10 1 0
github.com/Leopold1975/yadro_app/internal/usecase/fetch_comics.go:135.21,136.10 1 0
github.com/Leopold1975/yadro_app/internal/usecase/fetch_comics.go:137.11,139.18 2 0
github.com/Leopold1975/yadro_app/internal/usecase/fetch_comics.go:139.18,141.5 1 0
github.com/Leopold1975/yadro_app/internal/usecase/fetch_comics.go:143.4,143.47 1 0
github.com/Leopold1975/yadro_app/internal/usecase/fetch_comics.go:143.47,145.5 1 0
github.com/Leopold1975/yadro_app/internal/usecase/fetch_comics.go:152.3,153.22 1 0
github.com/Leopold1975/yadro_app/internal/usecase/fetch_comics.go:153.22,155.17 2 0
github.com/Leopold1975/yadro_app/internal/usecase/fetch_comics.go:155.17,156.42 1 0
github.com/Leopold1975/yadro_app/internal/usecase/fetch_comics.go:156.42,157.12 1 0
github.com/Leopold1975/yadro_app/internal/usecase/fetch_comics.go:158.29,158.29 0 0
github.com/Leopold1975/yadro_app/internal/usecase/fetch_comics.go:159.13,160.12 1 0
github.com/Leopold1975/yadro_app/internal/usecase/fetch_comics.go:163.5,163.13 1 0
github.com/Leopold1975/yadro_app/internal/usecase/fetch_comics.go:165.4,165.11 1 0
github.com/Leopold1975/yadro_app/internal/usecase/fetch_comics.go:166.58,166.58 0 0
github.com/Leopold1975/yadro_app/internal/usecase/fetch_comics.go:167.12,167.12 0 0
github.com/Leopold1975/yadro_app/internal/usecase/fetch_comics.go:170.4,170.12 1 0
github.com/Leopold1975/yadro_app/internal/usecase/fetch_comics.go:173.3,173.10 1 0
github.com/Leopold1975/yadro_app/internal/usecase/fetch_comics.go:174.22,174.22 0 0
github.com/Leopold1975/yadro_app/internal/usecase/fetch_comics.go:176.11,176.11 0 0
github.com/Leopold1975/yadro_app/internal/usecase/fetch_comics.go:179.3,179.10 1 0
github.com/Leopold1975/yadro_app/internal/usecase/fetch_comics.go:180.21,181.10 1 0
github.com/Leopold1975/yadro_app/internal/usecase/fetch_comics.go:182.36,182.36 0 0
github.com/Leopold1975/yadro_app/internal/usecase/find_comics.go:23.67,28.2 1 0
github.com/Leopold1975/yadro_app/internal/usecase/find_comics.go:30.103,32.16 2 0
github.com/Leopold1975/yadro_app/internal/usecase/find_comics.go:32.16,34.3 1 0
github.com/Leopold1975/yadro_app/internal/usecase/find_comics.go:36.2,38.25 2 0
github.com/Leopold1975/yadro_app/internal/usecase/find_comics.go:38.25,40.15 2 0
github.com/Leopold1975/yadro_app/internal/usecase/find_comics.go:40.15,42.4 1 0
github.com/Leopold1975/yadro_app/internal/usecase/find_comics.go:44.3,44.29 1 0
github.com/Leopold1975/yadro_app/internal/usecase/find_comics.go:47.2,47.16 1 0
github.com/Leopold1975/yadro_app/internal/usecase/find_comics.go:47.16,49.3 1 0
github.com/Leopold1975/yadro_app/internal/usecase/find_comics.go:51.2,51.22 1 0
github.com/Leopold1975/yadro_app/internal/usecase/find_comics.go:51.22,53.3 1 0
github.com/Leopold1975/yadro_app/internal/usecase/find_comics.go:55.2,55.20 1 0
github.com/Leopold1975/yadro_app/internal/usecase/find_comics.go:58.89,60.16 2 0
github.com/Leopold1975/yadro_app/internal/usecase/find_comics.go:60.16,62.3 1 0
github.com/Leopold1975/yadro_app/internal/usecase/find_comics.go:64.2,66.40 2 0
github.com/Leopold1975/yadro_app/internal/usecase/find_comics.go:66.40,70.17 3 0
github.com/Leopold1975/yadro_app/internal/usecase/find_comics.go:70.17,72.4 1 0
github.com/Leopold1975/yadro_app/internal/usecase/find_comics.go:74.3,74.28 1 0
github.com/Leopold1975/yadro_app/internal/usecase/find_comics.go:74.28,76.4 1 0
github.com/Leopold1975/yadro_app/internal/usecase/find_comics.go:78.3,78.29 1 0
github.com/Leopold1975/yadro_app/internal/usecase/find_comics.go:81.2,83.20 2 0
github.com/Leopold1975/yadro_app/internal/usecase/find_comics.go:88.46,92.30 3 0
github.com/Leopold1975/yadro_app/internal/usecase/find_comics.go:92.30,93.28 1 0
github.com/Leopold1975/yadro_app/internal/usecase/find_comics.go:93.28,95.4 1 0
github.com/Leopold1975/yadro_app/internal/usecase/find_comics.go:98.2,103.22 2 0
github.com/Leopold1975/yadro_app/internal/usecase/find_comics.go:103.22,108.3 1 0
github.com/Leopold1975/yadro_app/internal/usecase/find_comics.go:110.2,110.44 1 0
github.com/Leopold1975/yadro_app/internal/usecase/find_comics.go:110.44,112.3 1 0
github.com/Leopold1975/yadro_app/internal/usecase/find_comics.go:114.2,114.38 1 0
github.com/Leopold1975/yadro_app/internal/usecase/find_comics.go:114.38,116.31 2 0
github.com/Leopold1975/yadro_app/internal/usecase/find_comics.go:116.31,117.9 1 0
github.com/Leopold1975/yadro_app/internal/usecase/find_comics.go:121.2,121.15 1 0
github.com/Leopold1975/yadro_app/internal/pkg/jwtauth/jwtauth.go:19.83,23.9 3 4
github.com/Leopold1975/yadro_app/internal/pkg/jwtauth/jwtauth.go:23.9,25.3 1 0
github.com/Leopold1975/yadro_app/internal/pkg/jwtauth/jwtauth.go:27.2,27.21 1 4
github.com/Leopold1975/yadro_app/internal/pkg/jwtauth/jwtauth.go:27.21,29.3 1 1
github.com/Leopold1975/yadro_app/internal/pkg/jwtauth/jwtauth.go:31.2,35.16 4 3
github.com/Leopold1975/yadro_app/internal/pkg/jwtauth/jwtauth.go:35.16,37.3 1 0
github.com/Leopold1975/yadro_app/internal/pkg/jwtauth/jwtauth.go:39.2,39.15 1 3
github.com/Leopold1975/yadro_app/internal/pkg/jwtauth/jwtauth.go:42.75,43.79 1 5
github.com/Leopold1975/yadro_app/internal/pkg/jwtauth/jwtauth.go:43.79,44.54 1 4
github.com/Leopold1975/yadro_app/internal/pkg/jwtauth/jwtauth.go:44.54,46.4 1 0
github.com/Leopold1975/yadro_app/internal/pkg/jwtauth/jwtauth.go:48.3,48.29 1 4
github.com/Leopold1975/yadro_app/internal/pkg/jwtauth/jwtauth.go:50.2,50.16 1 5
github.com/Leopold1975/yadro_app/internal/pkg/jwtauth/jwtauth.go:50.16,52.30 2 4
github.com/Leopold1975/yadro_app/internal/pkg/jwtauth/jwtauth.go:52.30,53.51 1 4
github.com/Leopold1975/yadro_app/internal/pkg/jwtauth/jwtauth.go:53.51,55.5 1 1
github.com/Leopold1975/yadro_app/internal/pkg/jwtauth/jwtauth.go:58.3,58.54 1 3
github.com/Leopold1975/yadro_app/internal/pkg/jwtauth/jwtauth.go:61.2,61.67 1 1
github.com/Leopold1975/yadro_app/internal/pkg/jwtauth/jwtauth.go:61.67,63.10 2 1
github.com/Leopold1975/yadro_app/internal/pkg/jwtauth/jwtauth.go:63.10,65.4 1 0
github.com/Leopold1975/yadro_app/internal/pkg/jwtauth/jwtauth.go:67.3,68.10 2 1
github.com/Leopold1975/yadro_app/internal/pkg/jwtauth/jwtauth.go:68.10,70.4 1 0
github.com/Leopold1975/yadro_app/internal/pkg/jwtauth/jwtauth.go:72.3,72.37 1 1
github.com/Leopold1975/yadro_app/internal/pkg/jwtauth/jwtauth.go:72.37,74.4 1 0
github.com/Leopold1975/yadro_app/internal/pkg/jwtauth/jwtauth.go:76.3,76.19 1 1
github.com/Leopold1975/yadro_app/internal/pkg/jwtauth/jwtauth.go:79.2,79.28 1 0
github.com/Leopold1975/yadro_app/internal/models/model.go:26.54,28.16 2 0
github.com/Leopold1975/yadro_app/internal/models/model.go:28.16,30.3 1 0
github.com/Leopold1975/yadro_app/internal/models/model.go:32.2,36.8 1 0
github.com/Leopold1975/yadro_app/internal/pkg/config/config.go:54.39,57.56 2 0
github.com/Leopold1975/yadro_app/internal/pkg/config/config.go:57.56,59.3 1 0
github.com/Leopold1975/yadro_app/internal/pkg/config/config.go:61.2,61.17 1 0
github.com/Leopold1975/yadro_app/internal/pkg/config/config.go:68.57,70.16 2 0
github.com/Leopold1975/yadro_app/internal/pkg/config/config.go:70.16,72.3 1 0
github.com/Leopold1975/yadro_app/internal/pkg/config/config.go:74.2,76.12 2 0
github.com/Leopold1975/yadro_app/internal/usecase/background_refresh.go:15.101,20.2 1 0
github.com/Leopold1975/yadro_app/internal/usecase/background_refresh.go:23.81,28.29 3 0
github.com/Leopold1975/yadro_app/internal/usecase/background_refresh.go:28.29,30.3 1 0
github.com/Leopold1975/yadro_app/internal/usecase/background_refresh.go:32.2,37.6 4 0
github.com/Leopold1975/yadro_app/internal/usecase/background_refresh.go:37.6,38.10 1 0
github.com/Leopold1975/yadro_app/internal/usecase/background_refresh.go:39.21,40.10 1 0
github.com/Leopold1975/yadro_app/internal/usecase/background_refresh.go:41.18,43.18 2 0
github.com/Leopold1975/yadro_app/internal/usecase/background_refresh.go:43.18,46.13 2 0
github.com/Leopold1975/yadro_app/internal/usecase/background_refresh.go:49.4,52.40 3 0
github.com/Leopold1975/yadro_app/internal/usecase/background_refresh.go:57.93,59.2 1 0
github.com/Leopold1975/yadro_app/internal/usecase/fetch_comics.go:34.116,41.2 1 0
github.com/Leopold1975/yadro_app/internal/usecase/fetch_comics.go:43.85,51.12 6 0
github.com/Leopold1975/yadro_app/internal/usecase/fetch_comics.go:51.12,54.3 2 0
github.com/Leopold1975/yadro_app/internal/usecase/fetch_comics.go:56.2,56.12 1 0
github.com/Leopold1975/yadro_app/internal/usecase/fetch_comics.go:56.12,60.3 3 0
github.com/Leopold1975/yadro_app/internal/usecase/fetch_comics.go:62.2,62.12 1 0
github.com/Leopold1975/yadro_app/internal/usecase/fetch_comics.go:62.12,65.3 2 0
github.com/Leopold1975/yadro_app/internal/usecase/fetch_comics.go:67.2,70.16 3 0
github.com/Leopold1975/yadro_app/internal/usecase/fetch_comics.go:70.16,72.3 1 0
github.com/Leopold1975/yadro_app/internal/usecase/fetch_comics.go:74.2,74.25 1 0
github.com/Leopold1975/yadro_app/internal/usecase/fetch_comics.go:74.25,78.3 2 0
github.com/Leopold1975/yadro_app/internal/usecase/fetch_comics.go:80.2,83.8 1 0
github.com/Leopold1975/yadro_app/internal/usecase/fetch_comics.go:86.76,89.20 2 0
github.com/Leopold1975/yadro_app/internal/usecase/fetch_comics.go:89.20,93.55 3 0
github.com/Leopold1975/yadro_app/internal/usecase/fetch_comics.go:93.55,94.11 1 0
github.com/Leopold1975/yadro_app/internal/usecase/fetch_comics.go:95.22,96.11 1 0
github.com/Leopold1975/yadro_app/internal/usecase/fetch_comics.go:97.19,97.19 0 0
github.com/Leopold1975/yadro_app/internal/usecase/fetch_comics.go:103.117,115.12 8 0
github.com/Leopold1975/yadro_app/internal/usecase/fetch_comics.go:115.12,118.3 2 0
github.com/Leopold1975/yadro_app/internal/usecase/fetch_comics.go:120.2,120.39 1 0
github.com/Leopold1975/yadro_app/internal/usecase/fetch_comics.go:120.39,121.13 1 0
github.com/Leopold1975/yadro_app/internal/usecase/fetch_comics.go:121.13,124.4 2 0
github.com/Leopold1975/yadro_app/internal/usecase/fetch_comics.go:126.2,129.11 3 0
github.com/Leopold1975/yadro_app/internal/usecase/fetch_comics.go:132.97,133.31 1 0
github.com/Leopold1975/yadro_app/internal/usecase/fetch_comics.go:133.31,134.10 1 0
github.com/Leopold1975/yadro_app/internal/usecase/fetch_comics.go:135.21,136.10 1 0
github.com/Leopold1975/yadro_app/internal/usecase/fetch_comics.go:137.11,139.18 2 0
github.com/Leopold1975/yadro_app/internal/usecase/fetch_comics.go:139.18,141.5 1 0
github.com/Leopold1975/yadro_app/internal/usecase/fetch_comics.go:143.4,143.47 1 0
github.com/Leopold1975/yadro_app/internal/usecase/fetch_comics.go:143.47,145.5 1 0
github.com/Leopold1975/yadro_app/internal/usecase/fetch_comics.go:152.3,153.22 1 0
github.com/Leopold1975/yadro_app/internal/usecase/fetch_comics.go:153.22,155.17 2 0
github.com/Leopold1975/yadro_app/internal/usecase/fetch_comics.go:155.17,156.42 1 0
github.com/Leopold1975/yadro_app/internal/usecase/fetch_comics.go:156.42,157.12 1 0
github.com/Leopold1975/yadro_app/internal/usecase/fetch_comics.go:158.29,158.29 0 0
github.com/Leopold1975/yadro_app/internal/usecase/fetch_comics.go:159.13,160.12 1 0
github.com/Leopold1975/yadro_app/internal/usecase/fetch_comics.go:163.5,163.13 1 0
github.com/Leopold1975/yadro_app/internal/usecase/fetch_comics.go:165.4,165.11 1 0
github.com/Leopold1975/yadro_app/internal/usecase/fetch_comics.go:166.58,166.58 0 0
github.com/Leopold1975/yadro_app/internal/usecase/fetch_comics.go:167.12,167.12 0 0
github.com/Leopold1975/yadro_app/internal/usecase/fetch_comics.go:170.4,170.12 1 0
github.com/Leopold1975/yadro_app/internal/usecase/fetch_comics.go:173.3,173.10 1 0
github.com/Leopold1975/yadro_app/internal/usecase/fetch_comics.go:174.22,174.22 0 0
github.com/Leopold1975/yadro_app/internal/usecase/fetch_comics.go:176.11,176.11 0 0
github.com/Leopold1975/yadro_app/internal/usecase/fetch_comics.go:179.3,179.10 1 0
github.com/Leopold1975/yadro_app/internal/usecase/fetch_comics.go:180.21,181.10 1 0
github.com/Leopold1975/yadro_app/internal/usecase/fetch_comics.go:182.36,182.36 0 0
github.com/Leopold1975/yadro_app/internal/usecase/find_comics.go:23.67,28.2 1 0
github.com/Leopold1975/yadro_app/internal/usecase/find_comics.go:30.103,32.16 2 0
github.com/Leopold1975/yadro_app/internal/usecase/find_comics.go:32.16,34.3 1 0
github.com/Leopold1975/yadro_app/internal/usecase/find_comics.go:36.2,38.25 2 0
github.com/Leopold1975/yadro_app/internal/usecase/find_comics.go:38.25,40.15 2 0
github.com/Leopold1975/yadro_app/internal/usecase/find_comics.go:40.15,42.4 1 0
github.com/Leopold1975/yadro_app/internal/usecase/find_comics.go:44.3,44.29 1 0
github.com/Leopold1975/yadro_app/internal/usecase/find_comics.go:47.2,47.16 1 0
github.com/Leopold1975/yadro_app/internal/usecase/find_comics.go:47.16,49.3 1 0
github.com/Leopold1975/yadro_app/internal/usecase/find_comics.go:51.2,51.22 1 0
github.com/Leopold1975/yadro_app/internal/usecase/find_comics.go:51.22,53.3 1 0
github.com/Leopold1975/yadro_app/internal/usecase/find_comics.go:55.2,55.20 1 0
github.com/Leopold1975/yadro_app/internal/usecase/find_comics.go:58.89,60.16 2 0
github.com/Leopold1975/yadro_app/internal/usecase/find_comics.go:60.16,62.3 1 0
github.com/Leopold1975/yadro_app/internal/usecase/find_comics.go:64.2,66.40 2 0
github.com/Leopold1975/yadro_app/internal/usecase/find_comics.go:66.40,70.17 3 0
github.com/Leopold1975/yadro_app/internal/usecase/find_comics.go:70.17,72.4 1 0
github.com/Leopold1975/yadro_app/internal/usecase/find_comics.go:74.3,74.28 1 0
github.com/Leopold1975/yadro_app/internal/usecase/find_comics.go:74.28,76.4 1 0
github.com/Leopold1975/yadro_app/internal/usecase/find_comics.go:78.3,78.29 1 0
github.com/Leopold1975/yadro_app/internal/usecase/find_comics.go:81.2,83.20 2 0
github.com/Leopold1975/yadro_app/internal/usecase/find_comics.go:88.46,92.30 3 4
github.com/Leopold1975/yadro_app/internal/usecase/find_comics.go:92.30,93.28 1 19
github.com/Leopold1975/yadro_app/internal/usecase/find_comics.go:93.28,95.4 1 118
github.com/Leopold1975/yadro_app/internal/usecase/find_comics.go:98.2,103.22 2 4
github.com/Leopold1975/yadro_app/internal/usecase/find_comics.go:103.22,108.3 1 64
github.com/Leopold1975/yadro_app/internal/usecase/find_comics.go:110.2,110.44 1 4
github.com/Leopold1975/yadro_app/internal/usecase/find_comics.go:110.44,112.3 1 156
github.com/Leopold1975/yadro_app/internal/usecase/find_comics.go:114.2,114.38 1 4
github.com/Leopold1975/yadro_app/internal/usecase/find_comics.go:114.38,116.31 2 19
github.com/Leopold1975/yadro_app/internal/usecase/find_comics.go:116.31,117.9 1 1
github.com/Leopold1975/yadro_app/internal/usecase/find_comics.go:121.2,121.15 1 4
github.com/Leopold1975/yadro_app/pkg/logger/logger.go:21.36,24.13 2 0
github.com/Leopold1975/yadro_app/pkg/logger/logger.go:25.15,26.23 1 0
github.com/Leopold1975/yadro_app/pkg/logger/logger.go:27.16,28.24 1 0
github.com/Leopold1975/yadro_app/pkg/logger/logger.go:29.10,30.23 1 0
github.com/Leopold1975/yadro_app/pkg/logger/logger.go:33.2,39.18 2 0
github.com/Leopold1975/yadro_app/pkg/logger/logger.go:42.45,43.15 1 0
github.com/Leopold1975/yadro_app/pkg/logger/logger.go:44.18,49.32 3 0
github.com/Leopold1975/yadro_app/pkg/logger/logger.go:50.14,55.31 3 0
github.com/Leopold1975/yadro_app/pkg/logger/logger.go:56.10,57.11 1 0
github.com/Leopold1975/yadro_app/pkg/logger/logger.go:61.39,64.20 2 0
github.com/Leopold1975/yadro_app/pkg/logger/logger.go:64.20,66.3 1 0
github.com/Leopold1975/yadro_app/pkg/logger/logger.go:68.2,70.17 2 0
github.com/Leopold1975/yadro_app/pkg/logger/logger.go:73.39,77.2 2 0
github.com/Leopold1975/yadro_app/pkg/xkcd/client.go:28.36,34.2 1 0
github.com/Leopold1975/yadro_app/pkg/xkcd/client.go:36.86,38.16 2 0
github.com/Leopold1975/yadro_app/pkg/xkcd/client.go:38.16,40.3 1 0
github.com/Leopold1975/yadro_app/pkg/xkcd/client.go:42.2,46.16 4 0
github.com/Leopold1975/yadro_app/pkg/xkcd/client.go:46.16,48.3 1 0
github.com/Leopold1975/yadro_app/pkg/xkcd/client.go:50.2,53.16 3 0
github.com/Leopold1975/yadro_app/pkg/xkcd/client.go:53.16,55.3 1 0
github.com/Leopold1975/yadro_app/pkg/xkcd/client.go:56.2,58.9 2 0
github.com/Leopold1975/yadro_app/pkg/xkcd/client.go:59.46,60.48 1 0
github.com/Leopold1975/yadro_app/pkg/xkcd/client.go:61.88,63.17 2 0
github.com/Leopold1975/yadro_app/pkg/xkcd/client.go:63.17,65.4 1 0
github.com/Leopold1975/yadro_app/pkg/xkcd/client.go:67.3,68.50 2 0
github.com/Leopold1975/yadro_app/pkg/xkcd/client.go:68.50,70.4 1 0
github.com/Leopold1975/yadro_app/pkg/xkcd/client.go:72.3,72.16 1 0
github.com/Leopold1975/yadro_app/pkg/xkcd/client.go:73.10,74.107 1 0
github.com/Leopold1975/yadro_app/pkg/xkcd/client.go:78.75,82.23 2 0
github.com/Leopold1975/yadro_app/pkg/xkcd/client.go:82.23,83.10 1 0
github.com/Leopold1975/yadro_app/pkg/xkcd/client.go:84.21,85.14 1 0
github.com/Leopold1975/yadro_app/pkg/xkcd/client.go:86.11,87.16 1 0
github.com/Leopold1975/yadro_app/pkg/xkcd/client.go:87.16,89.5 1 0
github.com/Leopold1975/yadro_app/pkg/xkcd/client.go:93.2,93.16 1 0
github.com/Leopold1975/yadro_app/pkg/xkcd/client.go:93.16,95.3 1 0
github.com/Leopold1975/yadro_app/pkg/xkcd/client.go:98.33,100.2 1 0
github.com/Leopold1975/yadro_app/pkg/words/stem_words.go:17.49,19.2 1 0
github.com/Leopold1975/yadro_app/pkg/words/stem_words.go:31.55,35.26 3 25
github.com/Leopold1975/yadro_app/pkg/words/stem_words.go:35.26,39.3 2 67
github.com/Leopold1975/yadro_app/pkg/words/stem_words.go:41.2,42.29 2 25
github.com/Leopold1975/yadro_app/pkg/words/stem_words.go:42.29,44.3 1 60
github.com/Leopold1975/yadro_app/pkg/words/stem_words.go:46.2,46.25 1 25
github.com/Leopold1975/yadro_app/pkg/words/stem_words.go:49.57,53.26 3 25
github.com/Leopold1975/yadro_app/pkg/words/stem_words.go:53.26,55.17 2 67
github.com/Leopold1975/yadro_app/pkg/words/stem_words.go:55.17,57.4 1 0
github.com/Leopold1975/yadro_app/pkg/words/stem_words.go:59.3,59.30 1 67
github.com/Leopold1975/yadro_app/pkg/words/stem_words.go:62.2,63.29 2 25
github.com/Leopold1975/yadro_app/pkg/words/stem_words.go:63.29,65.3 1 60
github.com/Leopold1975/yadro_app/pkg/words/stem_words.go:67.2,67.25 1 25
github.com/Leopold1975/yadro_app/pkg/words/stem_words.go:72.39,84.29 6 50
github.com/Leopold1975/yadro_app/pkg/words/stem_words.go:84.29,88.45 3 228
github.com/Leopold1975/yadro_app/pkg/words/stem_words.go:88.45,95.11 2 24
github.com/Leopold1975/yadro_app/pkg/words/stem_words.go:96.38,97.20 1 14
github.com/Leopold1975/yadro_app/pkg/words/stem_words.go:98.43,100.24 2 6
github.com/Leopold1975/yadro_app/pkg/words/stem_words.go:103.4,103.83 1 24
github.com/Leopold1975/yadro_app/pkg/words/stem_words.go:103.83,105.5 1 2
github.com/Leopold1975/yadro_app/pkg/words/stem_words.go:108.3,108.35 1 228
github.com/Leopold1975/yadro_app/pkg/words/stem_words.go:108.35,109.12 1 94
github.com/Leopold1975/yadro_app/pkg/words/stem_words.go:112.3,112.42 1 134
github.com/Leopold1975/yadro_app/pkg/words/stem_words.go:115.2,115.20 1 50
github.com/Leopold1975/yadro_app/pkg/words/stem_words.go:118.51,119.26 1 50
github.com/Leopold1975/yadro_app/pkg/words/stem_words.go:119.26,121.21 2 226
github.com/Leopold1975/yadro_app/pkg/words/stem_words.go:121.21,124.4 2 226
github.com/Leopold1975/yadro_app/pkg/words/stem_words.go:127.2,127.14 1 50
github.com/Leopold1975/yadro_app/internal/app/app.go:20.65,21.12 1 1
github.com/Leopold1975/yadro_app/internal/app/app.go:21.12,23.3 1 1
github.com/Leopold1975/yadro_app/internal/app/app.go:25.2,28.16 3 1
github.com/Leopold1975/yadro_app/internal/app/app.go:28.16,31.3 2 0
github.com/Leopold1975/yadro_app/internal/app/app.go:33.2,34.16 2 1
github.com/Leopold1975/yadro_app/internal/app/app.go:34.16,37.3 2 0
github.com/Leopold1975/yadro_app/internal/app/app.go:39.2,70.12 14 1
github.com/Leopold1975/yadro_app/internal/app/app.go:70.12,73.38 2 1
github.com/Leopold1975/yadro_app/internal/app/app.go:73.38,75.4 1 0
github.com/Leopold1975/yadro_app/internal/app/app.go:78.2,83.39 4 1
github.com/Leopold1975/yadro_app/internal/app/app.go:83.39,85.3 1 0
github.com/Leopold1975/yadro_app/internal/auth/database/postgres/postgres.go:20.64,25.16 3 1
github.com/Leopold1975/yadro_app/internal/auth/database/postgres/postgres.go:25.16,27.3 1 0
github.com/Leopold1975/yadro_app/internal/auth/database/postgres/postgres.go:29.2,32.72 2 1
github.com/Leopold1975/yadro_app/internal/auth/database/postgres/postgres.go:32.72,34.3 1 0
github.com/Leopold1975/yadro_app/internal/auth/database/postgres/postgres.go:36.2,38.8 1 1
github.com/Leopold1975/yadro_app/internal/auth/database/postgres/postgres.go:41.88,47.16 3 4
github.com/Leopold1975/yadro_app/internal/auth/database/postgres/postgres.go:47.16,49.3 1 0
github.com/Leopold1975/yadro_app/internal/auth/database/postgres/postgres.go:51.2,55.79 3 4
github.com/Leopold1975/yadro_app/internal/auth/database/postgres/postgres.go:55.79,56.36 1 1
github.com/Leopold1975/yadro_app/internal/auth/database/postgres/postgres.go:56.36,58.4 1 1
github.com/Leopold1975/yadro_app/internal/auth/database/postgres/postgres.go:61.2,61.15 1 3
github.com/Leopold1975/yadro_app/internal/auth/database/postgres/postgres.go:64.77,66.16 2 0
github.com/Leopold1975/yadro_app/internal/auth/database/postgres/postgres.go:66.16,68.3 1 0
github.com/Leopold1975/yadro_app/internal/auth/database/postgres/postgres.go:70.2,70.15 1 0
github.com/Leopold1975/yadro_app/internal/auth/database/postgres/postgres.go:70.15,72.3 1 0
github.com/Leopold1975/yadro_app/internal/auth/database/postgres/postgres.go:74.2,78.16 3 0
github.com/Leopold1975/yadro_app/internal/auth/database/postgres/postgres.go:78.16,80.3 1 0
github.com/Leopold1975/yadro_app/internal/auth/database/postgres/postgres.go:82.2,83.16 2 0
github.com/Leopold1975/yadro_app/internal/auth/database/postgres/postgres.go:83.16,85.3 1 0
github.com/Leopold1975/yadro_app/internal/auth/database/postgres/postgres.go:87.2,87.12 1 0
github.com/Leopold1975/yadro_app/internal/auth/usecase/auth_user.go:16.63,21.2 1 1
github.com/Leopold1975/yadro_app/internal/auth/usecase/auth_user.go:23.82,24.9 1 6
github.com/Leopold1975/yadro_app/internal/auth/usecase/auth_user.go:25.20,26.55 1 0
github.com/Leopold1975/yadro_app/internal/auth/usecase/auth_user.go:27.10,27.10 0 6
github.com/Leopold1975/yadro_app/internal/auth/usecase/auth_user.go:30.2,31.16 2 6
github.com/Leopold1975/yadro_app/internal/auth/usecase/auth_user.go:31.16,33.3 1 0
github.com/Leopold1975/yadro_app/internal/auth/usecase/auth_user.go:35.2,35.18 1 6
github.com/Leopold1975/yadro_app/internal/auth/usecase/login_user.go:19.65,24.2 1 1
github.com/Leopold1975/yadro_app/internal/auth/usecase/login_user.go:26.97,28.16 2 4
github.com/Leopold1975/yadro_app/internal/auth/usecase/login_user.go:28.16,30.3 1 1
github.com/Leopold1975/yadro_app/internal/auth/usecase/login_user.go:32.2,33.16 2 3
github.com/Leopold1975/yadro_app/internal/auth/usecase/login_user.go:33.16,34.58 1 1
github.com/Leopold1975/yadro_app/internal/auth/usecase/login_user.go:34.58,36.4 1 1
github.com/Leopold1975/yadro_app/internal/auth/usecase/login_user.go:38.3,38.59 1 0
github.com/Leopold1975/yadro_app/internal/auth/usecase/login_user.go:41.2,42.16 2 2
github.com/Leopold1975/yadro_app/internal/auth/usecase/login_user.go:42.16,44.3 1 0
github.com/Leopold1975/yadro_app/internal/auth/usecase/login_user.go:46.2,46.15 1 2
github.com/Leopold1975/yadro_app/internal/controller/httpserver/error.go:12.61,18.16 4 4
github.com/Leopold1975/yadro_app/internal/controller/httpserver/error.go:18.16,23.3 1 0
github.com/Leopold1975/yadro_app/internal/controller/httpserver/error.go:25.2,25.17 1 4
github.com/Leopold1975/yadro_app/internal/controller/httpserver/httpserver.go:16.52,25.2 2 1
github.com/Leopold1975/yadro_app/internal/controller/httpserver/httpserver.go:27.31,28.86 1 1
github.com/Leopold1975/yadro_app/internal/controller/httpserver/httpserver.go:28.86,30.3 1 0
github.com/Leopold1975/yadro_app/internal/controller/httpserver/httpserver.go:32.2,32.12 1 1
github.com/Leopold1975/yadro_app/internal/controller/httpserver/httpserver.go:35.49,36.42 1 1
github.com/Leopold1975/yadro_app/internal/controller/httpserver/httpserver.go:36.42,38.3 1 0
github.com/Leopold1975/yadro_app/internal/controller/httpserver/httpserver.go:40.2,40.12 1 1
github.com/Leopold1975/yadro_app/internal/controller/httpserver/route.go:17.16,26.2 5 1
github.com/Leopold1975/yadro_app/internal/controller/httpserver/route.go:28.95,29.54 1 1
github.com/Leopold1975/yadro_app/internal/controller/httpserver/route.go:29.54,33.10 3 4
github.com/Leopold1975/yadro_app/internal/controller/httpserver/route.go:33.10,37.4 2 0
github.com/Leopold1975/yadro_app/internal/controller/httpserver/route.go:39.3,39.29 1 4
github.com/Leopold1975/yadro_app/internal/controller/httpserver/route.go:39.29,43.4 2 1
github.com/Leopold1975/yadro_app/internal/controller/httpserver/route.go:45.3,46.17 2 3
github.com/Leopold1975/yadro_app/internal/controller/httpserver/route.go:46.17,50.4 2 2
github.com/Leopold1975/yadro_app/internal/controller/httpserver/route.go:52.3,57.59 2 1
github.com/Leopold1975/yadro_app/internal/controller/httpserver/route.go:57.59,61.4 2 0
github.com/Leopold1975/yadro_app/internal/controller/httpserver/route.go:65.93,66.54 1 1
github.com/Leopold1975/yadro_app/internal/controller/httpserver/route.go:66.54,72.17 4 2
github.com/Leopold1975/yadro_app/internal/controller/httpserver/route.go:72.17,73.42 1 0
github.com/Leopold1975/yadro_app/internal/controller/httpserver/route.go:73.42,77.5 2 0
github.com/Leopold1975/yadro_app/internal/controller/httpserver/route.go:79.4,81.10 2 0
github.com/Leopold1975/yadro_app/internal/controller/httpserver/route.go:84.3,85.28 2 2
github.com/Leopold1975/yadro_app/internal/controller/httpserver/route.go:85.28,87.4 1 20
github.com/Leopold1975/yadro_app/internal/controller/httpserver/route.go:89.3,93.59 2 2
github.com/Leopold1975/yadro_app/internal/controller/httpserver/route.go:93.59,95.4 1 0
github.com/Leopold1975/yadro_app/internal/controller/httpserver/route.go:99.89,100.54 1 1
github.com/Leopold1975/yadro_app/internal/controller/httpserver/route.go:100.54,108.17 5 4
github.com/Leopold1975/yadro_app/internal/controller/httpserver/route.go:108.17,112.4 2 0
github.com/Leopold1975/yadro_app/internal/controller/httpserver/route.go:114.3,115.17 2 4
github.com/Leopold1975/yadro_app/internal/controller/httpserver/route.go:115.17,119.4 2 2
github.com/Leopold1975/yadro_app/internal/controller/httpserver/route.go:121.3,121.47 1 2
github.com/Leopold1975/yadro_app/internal/controller/httpserver/middlewares/auth_middleware.go:13.82,14.71 1 1
github.com/Leopold1975/yadro_app/internal/controller/httpserver/middlewares/auth_middleware.go:14.71,15.29 1 12
github.com/Leopold1975/yadro_app/internal/controller/httpserver/middlewares/auth_middleware.go:15.29,19.4 2 4
github.com/Leopold1975/yadro_app/internal/controller/httpserver/middlewares/auth_middleware.go:21.3,23.24 2 8
github.com/Leopold1975/yadro_app/internal/controller/httpserver/middlewares/auth_middleware.go:23.24,27.4 2 2
github.com/Leopold1975/yadro_app/internal/controller/httpserver/middlewares/auth_middleware.go:29.3,30.17 2 6
github.com/Leopold1975/yadro_app/internal/controller/httpserver/middlewares/auth_middleware.go:30.17,34.4 2 0
github.com/Leopold1975/yadro_app/internal/controller/httpserver/middlewares/auth_middleware.go:36.3,39.17 3 6
github.com/Leopold1975/yadro_app/internal/controller/httpserver/middlewares/auth_middleware.go:39.17,43.4 2 0
github.com/Leopold1975/yadro_app/internal/controller/httpserver/middlewares/auth_middleware.go:45.3,48.23 3 6
github.com/Leopold1975/yadro_app/internal/controller/httpserver/middlewares/concurency_limitter_mw.go:13.74,17.2 1 1
github.com/Leopold1975/yadro_app/internal/controller/httpserver/middlewares/concurency_limitter_mw.go:19.84,20.71 1 1
github.com/Leopold1975/yadro_app/internal/controller/httpserver/middlewares/concurency_limitter_mw.go:20.71,21.10 1 12
github.com/Leopold1975/yadro_app/internal/controller/httpserver/middlewares/concurency_limitter_mw.go:22.33,23.17 1 12
github.com/Leopold1975/yadro_app/internal/controller/httpserver/middlewares/concurency_limitter_mw.go:23.17,23.33 1 12
github.com/Leopold1975/yadro_app/internal/controller/httpserver/middlewares/concurency_limitter_mw.go:25.4,25.24 1 12
github.com/Leopold1975/yadro_app/internal/controller/httpserver/middlewares/concurency_limitter_mw.go:26.11,29.10 2 0
github.com/Leopold1975/yadro_app/internal/controller/httpserver/middlewares/concurency_limitter_mw.go:34.38,36.2 1 1
github.com/Leopold1975/yadro_app/internal/controller/httpserver/middlewares/logging_middleware.go:21.53,22.20 1 7
github.com/Leopold1975/yadro_app/internal/controller/httpserver/middlewares/logging_middleware.go:22.20,24.3 1 0
github.com/Leopold1975/yadro_app/internal/controller/httpserver/middlewares/logging_middleware.go:26.2,29.23 3 7
github.com/Leopold1975/yadro_app/internal/controller/httpserver/middlewares/logging_middleware.go:32.69,33.71 1 1
github.com/Leopold1975/yadro_app/internal/controller/httpserver/middlewares/logging_middleware.go:33.71,38.16 3 12
github.com/Leopold1975/yadro_app/internal/controller/httpserver/middlewares/logging_middleware.go:38.16,39.22 1 12
github.com/Leopold1975/yadro_app/internal/controller/httpserver/middlewares/logging_middleware.go:39.22,41.5 1 5
github.com/Leopold1975/yadro_app/internal/controller/httpserver/middlewares/logging_middleware.go:43.4,51.5 2 12
github.com/Leopold1975/yadro_app/internal/controller/httpserver/middlewares/logging_middleware.go:54.3,54.25 1 12
github.com/Leopold1975/yadro_app/internal/controller/httpserver/middlewares/profile_middleware.go:11.74,12.71 1 0
github.com/Leopold1975/yadro_app/internal/controller/httpserver/middlewares/profile_middleware.go:12.71,14.17 2 0
github.com/Leopold1975/yadro_app/internal/controller/httpserver/middlewares/profile_middleware.go:14.17,16.4 1 0
github.com/Leopold1975/yadro_app/internal/controller/httpserver/middlewares/profile_middleware.go:17.3,20.17 3 0
github.com/Leopold1975/yadro_app/internal/controller/httpserver/middlewares/profile_middleware.go:20.17,22.4 1 0
github.com/Leopold1975/yadro_app/internal/controller/httpserver/middlewares/profile_middleware.go:24.3,26.23 2 0
github.com/Leopold1975/yadro_app/internal/controller/httpserver/middlewares/ratelimiter_mw.go:19.56,26.2 1 1
github.com/Leopold1975/yadro_app/internal/controller/httpserver/middlewares/ratelimiter_mw.go:28.78,29.71 1 1
github.com/Leopold1975/yadro_app/internal/controller/httpserver/middlewares/ratelimiter_mw.go:29.71,31.17 2 10
github.com/Leopold1975/yadro_app/internal/controller/httpserver/middlewares/ratelimiter_mw.go:31.17,35.4 2 0
github.com/Leopold1975/yadro_app/internal/controller/httpserver/middlewares/ratelimiter_mw.go:37.3,42.49 4 10
github.com/Leopold1975/yadro_app/internal/controller/httpserver/middlewares/ratelimiter_mw.go:42.49,45.4 2 1
github.com/Leopold1975/yadro_app/internal/controller/httpserver/middlewares/ratelimiter_mw.go:47.3,49.22 2 10
github.com/Leopold1975/yadro_app/internal/controller/httpserver/middlewares/ratelimiter_mw.go:49.22,51.4 1 10
github.com/Leopold1975/yadro_app/internal/controller/httpserver/middlewares/ratelimiter_mw.go:51.9,53.4 1 0
github.com/Leopold1975/yadro_app/internal/database/postgresdb/postgres.go:25.86,30.16 3 1
github.com/Leopold1975/yadro_app/internal/database/postgresdb/postgres.go:30.16,32.3 1 0
github.com/Leopold1975/yadro_app/internal/database/postgresdb/postgres.go:34.2,37.72 2 1
github.com/Leopold1975/yadro_app/internal/database/postgresdb/postgres.go:37.72,39.3 1 0
github.com/Leopold1975/yadro_app/internal/database/postgresdb/postgres.go:41.2,45.8 1 1
github.com/Leopold1975/yadro_app/internal/database/postgresdb/postgres.go:48.85,50.16 2 2939
github.com/Leopold1975/yadro_app/internal/database/postgresdb/postgres.go:50.16,52.3 1 0
github.com/Leopold1975/yadro_app/internal/database/postgresdb/postgres.go:54.2,54.15 1 2939
github.com/Leopold1975/yadro_app/internal/database/postgresdb/postgres.go:54.15,56.3 1 2939
github.com/Leopold1975/yadro_app/internal/database/postgresdb/postgres.go:58.2,59.16 2 2939
github.com/Leopold1975/yadro_app/internal/database/postgresdb/postgres.go:59.16,61.3 1 0
github.com/Leopold1975/yadro_app/internal/database/postgresdb/postgres.go:63.2,68.16 3 2939
github.com/Leopold1975/yadro_app/internal/database/postgresdb/postgres.go:68.16,70.3 1 0
github.com/Leopold1975/yadro_app/internal/database/postgresdb/postgres.go:72.2,73.16 2 2939
github.com/Leopold1975/yadro_app/internal/database/postgresdb/postgres.go:73.16,75.3 1 0
github.com/Leopold1975/yadro_app/internal/database/postgresdb/postgres.go:77.2,77.65 1 2939
github.com/Leopold1975/yadro_app/internal/database/postgresdb/postgres.go:77.65,79.3 1 2
github.com/Leopold1975/yadro_app/internal/database/postgresdb/postgres.go:81.2,83.12 2 2937
github.com/Leopold1975/yadro_app/internal/database/postgresdb/postgres.go:86.90,91.16 3 6340
github.com/Leopold1975/yadro_app/internal/database/postgresdb/postgres.go:91.16,93.3 1 0
github.com/Leopold1975/yadro_app/internal/database/postgresdb/postgres.go:95.2,101.61 4 6340
github.com/Leopold1975/yadro_app/internal/database/postgresdb/postgres.go:101.61,102.36 1 3407
github.com/Leopold1975/yadro_app/internal/database/postgresdb/postgres.go:102.36,104.4 1 3407
github.com/Leopold1975/yadro_app/internal/database/postgresdb/postgres.go:106.3,106.63 1 0
github.com/Leopold1975/yadro_app/internal/database/postgresdb/postgres.go:109.2,109.71 1 2933
github.com/Leopold1975/yadro_app/internal/database/postgresdb/postgres.go:109.71,111.3 1 0
github.com/Leopold1975/yadro_app/internal/database/postgresdb/postgres.go:113.2,113.16 1 2933
github.com/Leopold1975/yadro_app/internal/database/postgresdb/postgres.go:116.103,126.22 5 4
github.com/Leopold1975/yadro_app/internal/database/postgresdb/postgres.go:126.22,131.17 2 0
github.com/Leopold1975/yadro_app/internal/database/postgresdb/postgres.go:131.17,133.4 1 0
github.com/Leopold1975/yadro_app/internal/database/postgresdb/postgres.go:134.8,137.17 2 4
github.com/Leopold1975/yadro_app/internal/database/postgresdb/postgres.go:137.17,139.4 1 0
github.com/Leopold1975/yadro_app/internal/database/postgresdb/postgres.go:142.2,143.16 2 4
github.com/Leopold1975/yadro_app/internal/database/postgresdb/postgres.go:143.16,145.3 1 0
github.com/Leopold1975/yadro_app/internal/database/postgresdb/postgres.go:146.2,148.95 2 4
github.com/Leopold1975/yadro_app/internal/database/postgresdb/postgres.go:148.95,153.63 3 102
github.com/Leopold1975/yadro_app/internal/database/postgresdb/postgres.go:153.63,155.4 1 0
github.com/Leopold1975/yadro_app/internal/database/postgresdb/postgres.go:157.3,157.74 1 102
github.com/Leopold1975/yadro_app/internal/database/postgresdb/postgres.go:157.74,159.4 1 0
github.com/Leopold1975/yadro_app/internal/database/postgresdb/postgres.go:161.3,161.16 1 102
github.com/Leopold1975/yadro_app/internal/database/postgresdb/postgres.go:163.2,163.16 1 4
github.com/Leopold1975/yadro_app/internal/database/postgresdb/postgres.go:163.16,165.3 1 0
github.com/Leopold1975/yadro_app/internal/database/postgresdb/postgres.go:167.2,167.20 1 4
github.com/Leopold1975/yadro_app/internal/database/postgresdb/postgres.go:170.76,174.16 3 3
github.com/Leopold1975/yadro_app/internal/database/postgresdb/postgres.go:174.16,176.3 1 0
github.com/Leopold1975/yadro_app/internal/database/postgresdb/postgres.go:178.2,182.40 3 3
github.com/Leopold1975/yadro_app/internal/database/postgresdb/postgres.go:182.40,184.3 1 2
github.com/Leopold1975/yadro_app/internal/database/postgresdb/postgres.go:186.2,189.25 3 1
github.com/Leopold1975/yadro_app/internal/database/postgresdb/postgres.go:192.92,195.35 2 2939
github.com/Leopold1975/yadro_app/internal/database/postgresdb/postgres.go:195.35,200.17 2 126256
github.com/Leopold1975/yadro_app/internal/database/postgresdb/postgres.go:200.17,202.4 1 0
github.com/Leopold1975/yadro_app/internal/database/postgresdb/postgres.go:204.3,205.17 2 126256
github.com/Leopold1975/yadro_app/internal/database/postgresdb/postgres.go:205.17,207.4 1 1
github.com/Leopold1975/yadro_app/internal/database/postgresdb/postgres.go:209.3,216.17 3 126255
github.com/Leopold1975/yadro_app/internal/database/postgresdb/postgres.go:216.17,218.4 1 0
github.com/Leopold1975/yadro_app/internal/database/postgresdb/postgres.go:220.3,221.17 2 126255
github.com/Leopold1975/yadro_app/internal/database/postgresdb/postgres.go:221.17,223.4 1 1
github.com/Leopold1975/yadro_app/internal/database/postgresdb/postgres.go:226.2,226.12 1 2937
github.com/Leopold1975/yadro_app/internal/models/model.go:26.54,28.16 2 2939
github.com/Leopold1975/yadro_app/internal/models/model.go:28.16,30.3 1 0
github.com/Leopold1975/yadro_app/internal/models/model.go:32.2,36.8 1 2939
github.com/Leopold1975/yadro_app/internal/pkg/config/config.go:54.39,57.56 2 1
github.com/Leopold1975/yadro_app/internal/pkg/config/config.go:57.56,59.3 1 0
github.com/Leopold1975/yadro_app/internal/pkg/config/config.go:61.2,61.17 1 1
github.com/Leopold1975/yadro_app/internal/pkg/config/config.go:68.57,70.16 2 1
github.com/Leopold1975/yadro_app/internal/pkg/config/config.go:70.16,72.3 1 0
github.com/Leopold1975/yadro_app/internal/pkg/config/config.go:74.2,76.12 2 1
github.com/Leopold1975/yadro_app/internal/usecase/background_refresh.go:15.101,20.2 1 1
github.com/Leopold1975/yadro_app/internal/usecase/background_refresh.go:23.81,28.29 3 1
github.com/Leopold1975/yadro_app/internal/usecase/background_refresh.go:28.29,30.3 1 0
github.com/Leopold1975/yadro_app/internal/usecase/background_refresh.go:32.2,37.6 4 1
github.com/Leopold1975/yadro_app/internal/usecase/background_refresh.go:37.6,38.10 1 1
github.com/Leopold1975/yadro_app/internal/usecase/background_refresh.go:39.21,40.10 1 1
github.com/Leopold1975/yadro_app/internal/usecase/background_refresh.go:41.18,43.18 2 0
github.com/Leopold1975/yadro_app/internal/usecase/background_refresh.go:43.18,46.13 2 0
github.com/Leopold1975/yadro_app/internal/usecase/background_refresh.go:49.4,52.40 3 0
github.com/Leopold1975/yadro_app/internal/usecase/background_refresh.go:57.93,59.2 1 0
github.com/Leopold1975/yadro_app/internal/usecase/fetch_comics.go:34.116,41.2 1 1
github.com/Leopold1975/yadro_app/internal/usecase/fetch_comics.go:43.85,51.12 6 3
github.com/Leopold1975/yadro_app/internal/usecase/fetch_comics.go:51.12,54.3 2 3
github.com/Leopold1975/yadro_app/internal/usecase/fetch_comics.go:56.2,56.12 1 3
github.com/Leopold1975/yadro_app/internal/usecase/fetch_comics.go:56.12,60.3 3 3
github.com/Leopold1975/yadro_app/internal/usecase/fetch_comics.go:62.2,62.12 1 3
github.com/Leopold1975/yadro_app/internal/usecase/fetch_comics.go:62.12,65.3 2 3
github.com/Leopold1975/yadro_app/internal/usecase/fetch_comics.go:67.2,70.16 3 3
github.com/Leopold1975/yadro_app/internal/usecase/fetch_comics.go:70.16,72.3 1 2
github.com/Leopold1975/yadro_app/internal/usecase/fetch_comics.go:74.2,74.25 1 1
github.com/Leopold1975/yadro_app/internal/usecase/fetch_comics.go:74.25,78.3 2 0
github.com/Leopold1975/yadro_app/internal/usecase/fetch_comics.go:80.2,83.8 1 1
github.com/Leopold1975/yadro_app/internal/usecase/fetch_comics.go:86.76,89.20 2 3
github.com/Leopold1975/yadro_app/internal/usecase/fetch_comics.go:89.20,93.55 3 6320
github.com/Leopold1975/yadro_app/internal/usecase/fetch_comics.go:93.55,94.11 1 3407
github.com/Leopold1975/yadro_app/internal/usecase/fetch_comics.go:95.22,96.11 1 3
github.com/Leopold1975/yadro_app/internal/usecase/fetch_comics.go:97.19,97.19 0 3404
github.com/Leopold1975/yadro_app/internal/usecase/fetch_comics.go:103.117,115.12 8 3
github.com/Leopold1975/yadro_app/internal/usecase/fetch_comics.go:115.12,118.3 2 3
github.com/Leopold1975/yadro_app/internal/usecase/fetch_comics.go:120.2,120.39 1 3
github.com/Leopold1975/yadro_app/internal/usecase/fetch_comics.go:120.39,121.13 1 126
github.com/Leopold1975/yadro_app/internal/usecase/fetch_comics.go:121.13,124.4 2 126
github.com/Leopold1975/yadro_app/internal/usecase/fetch_comics.go:126.2,129.11 3 3
github.com/Leopold1975/yadro_app/internal/usecase/fetch_comics.go:132.97,133.31 1 3
github.com/Leopold1975/yadro_app/internal/usecase/fetch_comics.go:133.31,134.10 1 2941
github.com/Leopold1975/yadro_app/internal/usecase/fetch_comics.go:135.21,136.10 1 2
github.com/Leopold1975/yadro_app/internal/usecase/fetch_comics.go:137.11,139.18 2 2939
github.com/Leopold1975/yadro_app/internal/usecase/fetch_comics.go:139.18,141.5 1 0
github.com/Leopold1975/yadro_app/internal/usecase/fetch_comics.go:143.4,143.47 1 2939
github.com/Leopold1975/yadro_app/internal/usecase/fetch_comics.go:143.47,145.5 1 2
github.com/Leopold1975/yadro_app/internal/usecase/fetch_comics.go:152.3,153.22 1 126
github.com/Leopold1975/yadro_app/internal/usecase/fetch_comics.go:153.22,155.17 2 3362
github.com/Leopold1975/yadro_app/internal/usecase/fetch_comics.go:155.17,156.42 1 267
github.com/Leopold1975/yadro_app/internal/usecase/fetch_comics.go:156.42,157.12 1 171
github.com/Leopold1975/yadro_app/internal/usecase/fetch_comics.go:158.29,158.29 0 129
github.com/Leopold1975/yadro_app/internal/usecase/fetch_comics.go:159.13,160.12 1 42
github.com/Leopold1975/yadro_app/internal/usecase/fetch_comics.go:163.5,163.13 1 129
github.com/Leopold1975/yadro_app/internal/usecase/fetch_comics.go:165.4,165.11 1 96
github.com/Leopold1975/yadro_app/internal/usecase/fetch_comics.go:166.58,166.58 0 22
github.com/Leopold1975/yadro_app/internal/usecase/fetch_comics.go:167.12,167.12 0 74
github.com/Leopold1975/yadro_app/internal/usecase/fetch_comics.go:170.4,170.12 1 96
github.com/Leopold1975/yadro_app/internal/usecase/fetch_comics.go:173.3,173.10 1 3095
github.com/Leopold1975/yadro_app/internal/usecase/fetch_comics.go:174.22,174.22 0 3
github.com/Leopold1975/yadro_app/internal/usecase/fetch_comics.go:176.11,176.11 0 3092
github.com/Leopold1975/yadro_app/internal/usecase/fetch_comics.go:179.3,179.10 1 3095
github.com/Leopold1975/yadro_app/internal/usecase/fetch_comics.go:180.21,181.10 1 72
github.com/Leopold1975/yadro_app/internal/usecase/fetch_comics.go:182.36,182.36 0 3023
github.com/Leopold1975/yadro_app/internal/usecase/find_comics.go:23.67,28.2 1 1
github.com/Leopold1975/yadro_app/internal/usecase/find_comics.go:30.103,32.16 2 2
github.com/Leopold1975/yadro_app/internal/usecase/find_comics.go:32.16,34.3 1 0
github.com/Leopold1975/yadro_app/internal/usecase/find_comics.go:36.2,38.25 2 2
github.com/Leopold1975/yadro_app/internal/usecase/find_comics.go:38.25,40.15 2 20
github.com/Leopold1975/yadro_app/internal/usecase/find_comics.go:40.15,42.4 1 0
github.com/Leopold1975/yadro_app/internal/usecase/find_comics.go:44.3,44.29 1 20
github.com/Leopold1975/yadro_app/internal/usecase/find_comics.go:47.2,47.16 1 2
github.com/Leopold1975/yadro_app/internal/usecase/find_comics.go:47.16,49.3 1 0
github.com/Leopold1975/yadro_app/internal/usecase/find_comics.go:51.2,51.22 1 2
github.com/Leopold1975/yadro_app/internal/usecase/find_comics.go:51.22,53.3 1 0
github.com/Leopold1975/yadro_app/internal/usecase/find_comics.go:55.2,55.20 1 2
github.com/Leopold1975/yadro_app/internal/usecase/find_comics.go:58.89,60.16 2 2
github.com/Leopold1975/yadro_app/internal/usecase/find_comics.go:60.16,62.3 1 0
github.com/Leopold1975/yadro_app/internal/usecase/find_comics.go:64.2,66.40 2 2
github.com/Leopold1975/yadro_app/internal/usecase/find_comics.go:66.40,70.17 3 4
github.com/Leopold1975/yadro_app/internal/usecase/find_comics.go:70.17,72.4 1 0
github.com/Leopold1975/yadro_app/internal/usecase/find_comics.go:74.3,74.28 1 4
github.com/Leopold1975/yadro_app/internal/usecase/find_comics.go:74.28,76.4 1 102
github.com/Leopold1975/yadro_app/internal/usecase/find_comics.go:78.3,78.29 1 4
github.com/Leopold1975/yadro_app/internal/usecase/find_comics.go:81.2,83.20 2 2
github.com/Leopold1975/yadro_app/internal/usecase/find_comics.go:88.46,92.30 3 2
github.com/Leopold1975/yadro_app/internal/usecase/find_comics.go:92.30,93.28 1 4
github.com/Leopold1975/yadro_app/internal/usecase/find_comics.go:93.28,95.4 1 102
github.com/Leopold1975/yadro_app/internal/usecase/find_comics.go:98.2,103.22 2 2
github.com/Leopold1975/yadro_app/internal/usecase/find_comics.go:103.22,108.3 1 100
github.com/Leopold1975/yadro_app/internal/usecase/find_comics.go:110.2,110.44 1 2
github.com/Leopold1975/yadro_app/internal/usecase/find_comics.go:110.44,112.3 1 177
github.com/Leopold1975/yadro_app/internal/usecase/find_comics.go:114.2,114.38 1 2
github.com/Leopold1975/yadro_app/internal/usecase/find_comics.go:114.38,116.31 2 20
github.com/Leopold1975/yadro_app/internal/usecase/find_comics.go:116.31,117.9 1 2
github.com/Leopold1975/yadro_app/internal/usecase/find_comics.go:121.2,121.15 1 2
github.com/Leopold1975/yadro_app/pkg/logger/logger.go:21.36,24.13 2 1
github.com/Leopold1975/yadro_app/pkg/logger/logger.go:25.15,26.23 1 0
github.com/Leopold1975/yadro_app/pkg/logger/logger.go:27.16,28.24 1 1
github.com/Leopold1975/yadro_app/pkg/logger/logger.go:29.10,30.23 1 0
github.com/Leopold1975/yadro_app/pkg/logger/logger.go:33.2,39.18 2 1
github.com/Leopold1975/yadro_app/pkg/logger/logger.go:42.45,43.15 1 187
github.com/Leopold1975/yadro_app/pkg/logger/logger.go:44.18,49.32 3 16
github.com/Leopold1975/yadro_app/pkg/logger/logger.go:50.14,55.31 3 16
github.com/Leopold1975/yadro_app/pkg/logger/logger.go:56.10,57.11 1 155
github.com/Leopold1975/yadro_app/pkg/logger/logger.go:61.39,64.20 2 16
github.com/Leopold1975/yadro_app/pkg/logger/logger.go:64.20,66.3 1 0
github.com/Leopold1975/yadro_app/pkg/logger/logger.go:68.2,70.17 2 16
github.com/Leopold1975/yadro_app/pkg/logger/logger.go:73.39,77.2 2 16
github.com/Leopold1975/yadro_app/pkg/pgtools/commit_rollback.go:10.86,11.16 1 2939
github.com/Leopold1975/yadro_app/pkg/pgtools/commit_rollback.go:11.16,12.42 1 2937
github.com/Leopold1975/yadro_app/pkg/pgtools/commit_rollback.go:12.42,14.4 1 0
github.com/Leopold1975/yadro_app/pkg/pgtools/commit_rollback.go:15.8,16.44 1 2
github.com/Leopold1975/yadro_app/pkg/pgtools/commit_rollback.go:16.44,18.4 1 2
github.com/Leopold1975/yadro_app/pkg/pgtools/commit_rollback.go:18.9,20.4 1 0
github.com/Leopold1975/yadro_app/pkg/pgtools/commit_rollback.go:23.2,23.12 1 2939
github.com/Leopold1975/yadro_app/pkg/pgtools/connect.go:11.77,15.12 3 2
github.com/Leopold1975/yadro_app/pkg/pgtools/connect.go:15.12,19.17 3 2
github.com/Leopold1975/yadro_app/pkg/pgtools/connect.go:19.17,22.19 2 0
github.com/Leopold1975/yadro_app/pkg/pgtools/connect.go:22.19,26.38 3 0
github.com/Leopold1975/yadro_app/pkg/pgtools/connect.go:26.38,30.6 2 0
github.com/Leopold1975/yadro_app/pkg/pgtools/connect.go:32.5,32.44 1 0
github.com/Leopold1975/yadro_app/pkg/pgtools/connect.go:35.3,37.39 2 2
github.com/Leopold1975/yadro_app/pkg/pgtools/connect.go:37.39,38.19 1 1
github.com/Leopold1975/yadro_app/pkg/pgtools/connect.go:38.19,42.38 3 1
github.com/Leopold1975/yadro_app/pkg/pgtools/connect.go:42.38,46.6 2 0
github.com/Leopold1975/yadro_app/pkg/pgtools/connect.go:48.5,48.24 1 1
github.com/Leopold1975/yadro_app/pkg/pgtools/connect.go:52.3,52.11 1 2
github.com/Leopold1975/yadro_app/pkg/pgtools/connect.go:55.2,55.9 1 2
github.com/Leopold1975/yadro_app/pkg/pgtools/connect.go:56.20,57.57 1 0
github.com/Leopold1975/yadro_app/pkg/pgtools/connect.go:58.22,59.17 1 2
github.com/Leopold1975/yadro_app/pkg/pgtools/connect.go:59.17,61.4 1 0
github.com/Leopold1975/yadro_app/pkg/pgtools/connect.go:63.3,63.17 1 2
github.com/Leopold1975/yadro_app/pkg/pgtools/migration.go:17.59,21.16 3 2
github.com/Leopold1975/yadro_app/pkg/pgtools/migration.go:21.16,23.3 1 0
github.com/Leopold1975/yadro_app/pkg/pgtools/migration.go:25.2,26.58 2 2
github.com/Leopold1975/yadro_app/pkg/pgtools/migration.go:26.58,27.12 1 0
github.com/Leopold1975/yadro_app/pkg/pgtools/migration.go:27.12,29.18 2 0
github.com/Leopold1975/yadro_app/pkg/pgtools/migration.go:29.18,31.5 1 0
github.com/Leopold1975/yadro_app/pkg/pgtools/migration.go:34.3,34.53 1 0
github.com/Leopold1975/yadro_app/pkg/pgtools/migration.go:37.2,37.23 1 2
github.com/Leopold1975/yadro_app/pkg/pgtools/migration.go:37.23,39.3 1 1
github.com/Leopold1975/yadro_app/pkg/pgtools/migration.go:41.2,43.39 2 1
github.com/Leopold1975/yadro_app/pkg/pgtools/migration.go:43.39,44.13 1 0
github.com/Leopold1975/yadro_app/pkg/pgtools/migration.go:44.13,46.4 1 0
github.com/Leopold1975/yadro_app/pkg/pgtools/migration.go:48.3,48.43 1 0
github.com/Leopold1975/yadro_app/pkg/pgtools/migration.go:48.43,50.4 1 0
github.com/Leopold1975/yadro_app/pkg/pgtools/migration.go:52.3,52.49 1 0
github.com/Leopold1975/yadro_app/pkg/pgtools/migration.go:55.2,55.12 1 1
github.com/Leopold1975/yadro_app/pkg/xkcd/client.go:28.36,34.2 1 1
github.com/Leopold1975/yadro_app/pkg/xkcd/client.go:36.86,38.16 2 3362
github.com/Leopold1975/yadro_app/pkg/xkcd/client.go:38.16,40.3 1 0
github.com/Leopold1975/yadro_app/pkg/xkcd/client.go:42.2,46.16 4 3362
github.com/Leopold1975/yadro_app/pkg/xkcd/client.go:46.16,48.3 1 0
github.com/Leopold1975/yadro_app/pkg/xkcd/client.go:50.2,53.16 3 3362
github.com/Leopold1975/yadro_app/pkg/xkcd/client.go:53.16,55.3 1 96
github.com/Leopold1975/yadro_app/pkg/xkcd/client.go:56.2,58.9 2 3266
github.com/Leopold1975/yadro_app/pkg/xkcd/client.go:59.46,60.48 1 171
github.com/Leopold1975/yadro_app/pkg/xkcd/client.go:61.88,63.17 2 3095
github.com/Leopold1975/yadro_app/pkg/xkcd/client.go:63.17,65.4 1 0
github.com/Leopold1975/yadro_app/pkg/xkcd/client.go:67.3,68.50 2 3095
github.com/Leopold1975/yadro_app/pkg/xkcd/client.go:68.50,70.4 1 0
github.com/Leopold1975/yadro_app/pkg/xkcd/client.go:72.3,72.16 1 3095
github.com/Leopold1975/yadro_app/pkg/xkcd/client.go:73.10,74.107 1 0
github.com/Leopold1975/yadro_app/pkg/xkcd/client.go:78.75,82.23 2 3
github.com/Leopold1975/yadro_app/pkg/xkcd/client.go:82.23,83.10 1 2
github.com/Leopold1975/yadro_app/pkg/xkcd/client.go:84.21,85.14 1 2
github.com/Leopold1975/yadro_app/pkg/xkcd/client.go:86.11,87.16 1 0
github.com/Leopold1975/yadro_app/pkg/xkcd/client.go:87.16,89.5 1 0
github.com/Leopold1975/yadro_app/pkg/xkcd/client.go:93.2,93.16 1 3
github.com/Leopold1975/yadro_app/pkg/xkcd/client.go:93.16,95.3 1 0
github.com/Leopold1975/yadro_app/pkg/xkcd/client.go:98.33,100.2 1 0
